# JRE version: Java(TM) SE Runtime Environment (11.0.5+10) (build 11.0.5+10-LTS)
# Java VM: Java HotSpot(TM) 64-Bit Server VM (11.0.5+10-LTS, mixed mode, tiered, compressed oops, parallel gc, windows-amd64)
Heap:
 PSYoungGen      total 24064K, used 434K [0x00000000eab00000, 0x00000000eca00000, 0x0000000100000000)
  eden space 22528K, 1% used [0x00000000eab00000,0x00000000eab6c838,0x00000000ec100000)
  from space 1536K, 0% used [0x00000000ec380000,0x00000000ec380000,0x00000000ec500000)
  to   space 2560K, 0% used [0x00000000ec780000,0x00000000ec780000,0x00000000eca00000)
 ParOldGen       total 68608K, used 21951K [0x00000000c0000000, 0x00000000c4300000, 0x00000000eab00000)
  object space 68608K, 31% used [0x00000000c0000000,0x00000000c156fcb0,0x00000000c4300000)
 Metaspace       used 33646K, capacity 35536K, committed 35672K, reserved 1081344K
  class space    used 3165K, capacity 3858K, committed 3968K, reserved 1048576K
GC Heap History (10 events):
Event: 9.609 GC heap before
{Heap before GC invocations=9 (full 1):
 PSYoungGen      total 30720K, used 30707K [0x00000000eab00000, 0x00000000ed480000, 0x0000000100000000)
  eden space 24064K, 100% used [0x00000000eab00000,0x00000000ec280000,0x00000000ec280000)
  from space 6656K, 99% used [0x00000000ec380000,0x00000000ec9fcf20,0x00000000eca00000)
  to   space 9216K, 0% used [0x00000000ecb80000,0x00000000ecb80000,0x00000000ed480000)
 ParOldGen       total 68608K, used 10495K [0x00000000c0000000, 0x00000000c4300000, 0x00000000eab00000)
  object space 68608K, 15% used [0x00000000c0000000,0x00000000c0a3fce8,0x00000000c4300000)
 Metaspace       used 30874K, capacity 32723K, committed 32896K, reserved 1079296K
  class space    used 2987K, capacity 3641K, committed 3712K, reserved 1048576K
}
Event: 9.616 GC heap after
{Heap after GC invocations=9 (full 1):
 PSYoungGen      total 30720K, used 6994K [0x00000000eab00000, 0x00000000ed280000, 0x0000000100000000)
  eden space 23552K, 0% used [0x00000000eab00000,0x00000000eab00000,0x00000000ec200000)
  from space 7168K, 97% used [0x00000000ecb80000,0x00000000ed254b28,0x00000000ed280000)
  to   space 7680K, 0% used [0x00000000ec380000,0x00000000ec380000,0x00000000ecb00000)
 ParOldGen       total 68608K, used 12494K [0x00000000c0000000, 0x00000000c4300000, 0x00000000eab00000)
  object space 68608K, 18% used [0x00000000c0000000,0x00000000c0c33928,0x00000000c4300000)
 Metaspace       used 30874K, capacity 32723K, committed 32896K, reserved 1079296K
  class space    used 2987K, capacity 3641K, committed 3712K, reserved 1048576K
}
Event: 9.647 GC heap before
{Heap before GC invocations=10 (full 1):
 PSYoungGen      total 30720K, used 30546K [0x00000000eab00000, 0x00000000ed280000, 0x0000000100000000)
  eden space 23552K, 100% used [0x00000000eab00000,0x00000000ec200000,0x00000000ec200000)
  from space 7168K, 97% used [0x00000000ecb80000,0x00000000ed254b28,0x00000000ed280000)
  to   space 7680K, 0% used [0x00000000ec380000,0x00000000ec380000,0x00000000ecb00000)
 ParOldGen       total 68608K, used 12494K [0x00000000c0000000, 0x00000000c4300000, 0x00000000eab00000)
  object space 68608K, 18% used [0x00000000c0000000,0x00000000c0c33928,0x00000000c4300000)
 Metaspace       used 30874K, capacity 32723K, committed 32896K, reserved 1079296K
  class space    used 2987K, capacity 3641K, committed 3712K, reserved 1048576K
}
Event: 9.652 GC heap after
{Heap after GC invocations=10 (full 1):
 PSYoungGen      total 29184K, used 5920K [0x00000000eab00000, 0x00000000ece80000, 0x0000000100000000)
  eden space 23040K, 0% used [0x00000000eab00000,0x00000000eab00000,0x00000000ec180000)
  from space 6144K, 96% used [0x00000000ec380000,0x00000000ec948010,0x00000000ec980000)
  to   space 5120K, 0% used [0x00000000ec980000,0x00000000ec980000,0x00000000ece80000)
 ParOldGen       total 68608K, used 15577K [0x00000000c0000000, 0x00000000c4300000, 0x00000000eab00000)
  object space 68608K, 22% used [0x00000000c0000000,0x00000000c0f36440,0x00000000c4300000)
 Metaspace       used 30874K, capacity 32723K, committed 32896K, reserved 1079296K
  class space    used 2987K, capacity 3641K, committed 3712K, reserved 1048576K
}
Event: 12.057 GC heap before
{Heap before GC invocations=11 (full 1):
 PSYoungGen      total 29184K, used 28960K [0x00000000eab00000, 0x00000000ece80000, 0x0000000100000000)
  eden space 23040K, 100% used [0x00000000eab00000,0x00000000ec180000,0x00000000ec180000)
  from space 6144K, 96% used [0x00000000ec380000,0x00000000ec948010,0x00000000ec980000)
  to   space 5120K, 0% used [0x00000000ec980000,0x00000000ec980000,0x00000000ece80000)
 ParOldGen       total 68608K, used 15577K [0x00000000c0000000, 0x00000000c4300000, 0x00000000eab00000)
  object space 68608K, 22% used [0x00000000c0000000,0x00000000c0f36440,0x00000000c4300000)
 Metaspace       used 31954K, capacity 33840K, committed 34048K, reserved 1079296K
  class space    used 3079K, capacity 3762K, committed 3840K, reserved 1048576K
}
Event: 12.061 GC heap after
{Heap after GC invocations=11 (full 1):
 PSYoungGen      total 27648K, used 4776K [0x00000000eab00000, 0x00000000ece80000, 0x0000000100000000)
  eden space 22528K, 0% used [0x00000000eab00000,0x00000000eab00000,0x00000000ec100000)
  from space 5120K, 93% used [0x00000000ec980000,0x00000000ece2a058,0x00000000ece80000)
  to   space 5632K, 0% used [0x00000000ec380000,0x00000000ec380000,0x00000000ec900000)
 ParOldGen       total 68608K, used 19361K [0x00000000c0000000, 0x00000000c4300000, 0x00000000eab00000)
  object space 68608K, 28% used [0x00000000c0000000,0x00000000c12e8538,0x00000000c4300000)
 Metaspace       used 31954K, capacity 33840K, committed 34048K, reserved 1079296K
  class space    used 3079K, capacity 3762K, committed 3840K, reserved 1048576K
}
Event: 12.336 GC heap before
{Heap before GC invocations=12 (full 1):
 PSYoungGen      total 27648K, used 16351K [0x00000000eab00000, 0x00000000ece80000, 0x0000000100000000)
  eden space 22528K, 51% used [0x00000000eab00000,0x00000000eb64dcf8,0x00000000ec100000)
  from space 5120K, 93% used [0x00000000ec980000,0x00000000ece2a058,0x00000000ece80000)
  to   space 5632K, 0% used [0x00000000ec380000,0x00000000ec380000,0x00000000ec900000)
 ParOldGen       total 68608K, used 19361K [0x00000000c0000000, 0x00000000c4300000, 0x00000000eab00000)
  object space 68608K, 28% used [0x00000000c0000000,0x00000000c12e8538,0x00000000c4300000)
 Metaspace       used 33402K, capacity 35280K, committed 35416K, reserved 1081344K
  class space    used 3165K, capacity 3858K, committed 3968K, reserved 1048576K
}
Event: 12.341 GC heap after
{Heap after GC invocations=12 (full 1):
 PSYoungGen      total 24064K, used 1046K [0x00000000eab00000, 0x00000000eca00000, 0x0000000100000000)
  eden space 22528K, 0% used [0x00000000eab00000,0x00000000eab00000,0x00000000ec100000)
  from space 1536K, 68% used [0x00000000ec380000,0x00000000ec485ba0,0x00000000ec500000)
  to   space 2560K, 0% used [0x00000000ec780000,0x00000000ec780000,0x00000000eca00000)
 ParOldGen       total 68608K, used 24039K [0x00000000c0000000, 0x00000000c4300000, 0x00000000eab00000)
  object space 68608K, 35% used [0x00000000c0000000,0x00000000c1779e08,0x00000000c4300000)
 Metaspace       used 33402K, capacity 35280K, committed 35416K, reserved 1081344K
  class space    used 3165K, capacity 3858K, committed 3968K, reserved 1048576K
}
Event: 12.341 GC heap before
{Heap before GC invocations=13 (full 2):
 PSYoungGen      total 24064K, used 1046K [0x00000000eab00000, 0x00000000eca00000, 0x0000000100000000)
  eden space 22528K, 0% used [0x00000000eab00000,0x00000000eab00000,0x00000000ec100000)
  from space 1536K, 68% used [0x00000000ec380000,0x00000000ec485ba0,0x00000000ec500000)
  to   space 2560K, 0% used [0x00000000ec780000,0x00000000ec780000,0x00000000eca00000)
 ParOldGen       total 68608K, used 24039K [0x00000000c0000000, 0x00000000c4300000, 0x00000000eab00000)
  object space 68608K, 35% used [0x00000000c0000000,0x00000000c1779e08,0x00000000c4300000)
 Metaspace       used 33402K, capacity 35280K, committed 35416K, reserved 1081344K
  class space    used 3165K, capacity 3858K, committed 3968K, reserved 1048576K
}
Event: 12.418 GC heap after
{Heap after GC invocations=13 (full 2):
 PSYoungGen      total 24064K, used 0K [0x00000000eab00000, 0x00000000eca00000, 0x0000000100000000)
  eden space 22528K, 0% used [0x00000000eab00000,0x00000000eab00000,0x00000000ec100000)
  from space 1536K, 0% used [0x00000000ec380000,0x00000000ec380000,0x00000000ec500000)
  to   space 2560K, 0% used [0x00000000ec780000,0x00000000ec780000,0x00000000eca00000)
 ParOldGen       total 68608K, used 21951K [0x00000000c0000000, 0x00000000c4300000, 0x00000000eab00000)
  object space 68608K, 31% used [0x00000000c0000000,0x00000000c156fcb0,0x00000000c4300000)
 Metaspace       used 33402K, capacity 35280K, committed 35416K, reserved 1081344K
  class space    used 3165K, capacity 3858K, committed 3968K, reserved 1048576K
}

